{"logTime": "0228/171114", "correlationVector":"1PGWTaNf3n+0s3oOb54FLX.1","action":"SyncServerConnectionManagerRequest", "result":"SYNC_SERVER_OK", "context":{"environment":"Prod_southindia_prod-s01-004-apac-southindia", "migrationStage":"NotStarted", "server":"akswtt010000012"}}
{"logTime": "0228/171119", "correlationVector":"1PGWTaNf3n+0s3oOb54FLX.2","action":"AAD.Mip.Unpack", "result":"Success", "context":MIP_CLOUD_COMMERCIAL:Success}
{"logTime": "0228/171119", "correlationVector":"1PGWTaNf3n+0s3oOb54FLX.3","action":"AAD.GetKeyResponse", "result":"Success", "context":Keys=6.LastKeyStatus=Active. 2025-02-14 10:22:53 +0530.State=None. Tags: Current_encryption_keys_tag = 77+977+9UO+/ve+/vV3vv70uee+/vQPvv70cCe+/vU0477+9Ku+/vQdMGu+/vTjvv73vv71t77+9YlJH, Updated_current_encryption_keys_tag = Empty. Emails: ["abhishek.jha2@in.ey.com"]}
{"logTime": "0228/171119", "correlationVector":"1PGWTaNf3n+0s3oOb54FLX.4","action":"ProcessGetUpdates", "result":"Done", "context":{"dataType":"Encryption Keys", "deleted":"0", "process_failed_to_decrypt":"0", "process_pending_decryption":"0", "process_success":"1", "total":"1"}}
{"logTime": "0228/171119", "correlationVector":"1PGWTaNf3n+0s3oOb54FLX","action":"Initial GetUpdates", "result":"", "context":Reason: NEW_CLIENT. cV=1PGWTaNf3n+0s3oOb54FLX}
{"logTime": "0228/171119", "correlationVector":"1PGWTaNf3n+0s3oOb54FLX.5","action":"GetUpdates Response", "result":"Success", "context":Received 1 update(s). cV=1PGWTaNf3n+0s3oOb54FLX.0;server=akswtt010000012;cloudType=Multitenant;environment=Prod_southindia_prod-s01-004-apac-southindia;migrationStage=NotStarted}
{"logTime": "0228/171120", "correlationVector":"ixhwWBGz7xw2xd92AWi56C","action":"Initial GetUpdates", "result":"", "context":Reason: NEW_CLIENT. cV=ixhwWBGz7xw2xd92AWi56C}
{"logTime": "0228/171125", "correlationVector":"ixhwWBGz7xw2xd92AWi56C.1","action":"SyncServerConnectionManagerRequest", "result":"SYNC_SERVER_OK", "context":{"environment":"Prod_southindia_prod-s01-004-apac-southindia", "migrationStage":"NotStarted", "server":"akswtt01000002i"}}
{"logTime": "0228/171125", "correlationVector":"ixhwWBGz7xw2xd92AWi56C.2","action":"ProcessGetUpdates", "result":"Done", "context":{"dataType":"Preferences", "deleted":"0", "process_failed_to_decrypt":"0", "process_pending_decryption":"0", "process_success":"79", "total":"79"}}
{"logTime": "0228/171125", "correlationVector":"ixhwWBGz7xw2xd92AWi56C.3","action":"ProcessGetUpdates", "result":"Done", "context":{"dataType":"Passwords", "deleted":"0", "process_failed_to_decrypt":"0", "process_pending_decryption":"0", "process_success":"92", "total":"92"}}
{"logTime": "0228/171125", "correlationVector":"ixhwWBGz7xw2xd92AWi56C.4","action":"ProcessGetUpdates", "result":"Done", "context":{"dataType":"Device Info", "deleted":"0", "process_failed_to_decrypt":"0", "process_pending_decryption":"0", "process_success":"6", "total":"6"}}
{"logTime": "0228/171125", "correlationVector":"ixhwWBGz7xw2xd92AWi56C.5","action":"GetUpdates Response", "result":"Success", "context":Received 177 update(s). cV=ixhwWBGz7xw2xd92AWi56C.0;server=akswtt01000002i;cloudType=Multitenant;environment=Prod_southindia_prod-s01-004-apac-southindia;migrationStage=NotStarted Some updates remain.}
{"logTime": "0228/171125", "correlationVector":"JPbX7KuZIQNC87kW605+PO","action":"Initial GetUpdates", "result":"", "context":Reason: NEW_CLIENT. cV=JPbX7KuZIQNC87kW605+PO}
{"logTime": "0228/171125", "correlationVector":"JPbX7KuZIQNC87kW605+PO.1","action":"SyncServerConnectionManagerRequest", "result":"SYNC_SERVER_OK", "context":{"environment":"Prod_southindia_prod-s01-004-apac-southindia", "migrationStage":"NotStarted", "server":"akswtt010000007"}}
{"logTime": "0228/171125", "correlationVector":"JPbX7KuZIQNC87kW605+PO.2","action":"GetUpdates Response", "result":"Success", "context":Received 0 update(s). cV=JPbX7KuZIQNC87kW605+PO.0;server=akswtt010000007;cloudType=Multitenant;environment=Prod_southindia_prod-s01-004-apac-southindia;migrationStage=NotStarted}
{"logTime": "0228/171125", "correlationVector":"7vpuVFOsmPLe1KITnwhTN/","action":"Initial GetUpdates", "result":"", "context":Reason: NEW_CLIENT. cV=7vpuVFOsmPLe1KITnwhTN/}
{"logTime": "0228/171127", "correlationVector":"7vpuVFOsmPLe1KITnwhTN/.1","action":"SyncServerConnectionManagerRequest", "result":"SYNC_SERVER_OK", "context":{"environment":"Prod_southindia_prod-s01-004-apac-southindia", "migrationStage":"NotStarted", "server":"akswtt01000000j"}}
{"logTime": "0228/171127", "correlationVector":"7vpuVFOsmPLe1KITnwhTN/.2","action":"ProcessGetUpdates", "result":"Done", "context":{"dataType":"Bookmarks", "deleted":"0", "process_failed_to_decrypt":"0", "process_pending_decryption":"0", "process_success":"59", "total":"59"}}
{"logTime": "0228/171127", "correlationVector":"7vpuVFOsmPLe1KITnwhTN/.3","action":"GetUpdates Response", "result":"Success", "context":Received 59 update(s). cV=7vpuVFOsmPLe1KITnwhTN/.0;server=akswtt01000000j;cloudType=Multitenant;environment=Prod_southindia_prod-s01-004-apac-southindia;migrationStage=NotStarted}
{"logTime": "0228/171127", "correlationVector":"RCpx5I+1rHo2DxAFcvNjy9","action":"Initial GetUpdates", "result":"", "context":Reason: NEW_CLIENT. cV=RCpx5I+1rHo2DxAFcvNjy9}
{"logTime": "0228/171128", "correlationVector":"RCpx5I+1rHo2DxAFcvNjy9.1","action":"SyncServerConnectionManagerRequest", "result":"SYNC_SERVER_OK", "context":{"environment":"Prod_southindia_prod-s01-004-apac-southindia", "migrationStage":"NotStarted", "server":"akswtt01000001r"}}
{"logTime": "0228/171128", "correlationVector":"RCpx5I+1rHo2DxAFcvNjy9.2","action":"ProcessGetUpdates", "result":"Done", "context":{"dataType":"Autofill", "deleted":"0", "process_failed_to_decrypt":"0", "process_pending_decryption":"0", "process_success":"250", "total":"250"}}
{"logTime": "0228/171128", "correlationVector":"RCpx5I+1rHo2DxAFcvNjy9.3","action":"GetUpdates Response", "result":"Success", "context":Received 250 update(s). cV=RCpx5I+1rHo2DxAFcvNjy9.0;server=akswtt01000001r;cloudType=Multitenant;environment=Prod_southindia_prod-s01-004-apac-southindia;migrationStage=NotStarted Some updates remain.}
{"logTime": "0228/171128", "correlationVector":"5+2Lrd/PXL17MgMkaw1gQM","action":"Initial GetUpdates", "result":"", "context":Reason: NEW_CLIENT. cV=5+2Lrd/PXL17MgMkaw1gQM}
{"logTime": "0228/171130", "correlationVector":"5+2Lrd/PXL17MgMkaw1gQM.1","action":"SyncServerConnectionManagerRequest", "result":"SYNC_SERVER_OK", "context":{"environment":"Prod_southindia_prod-s01-004-apac-southindia", "migrationStage":"NotStarted", "server":"akswtt01000002y"}}
{"logTime": "0228/171130", "correlationVector":"5+2Lrd/PXL17MgMkaw1gQM.2","action":"ProcessGetUpdates", "result":"Done", "context":{"dataType":"Autofill", "deleted":"0", "process_failed_to_decrypt":"0", "process_pending_decryption":"0", "process_success":"15", "total":"15"}}
{"logTime": "0228/171130", "correlationVector":"5+2Lrd/PXL17MgMkaw1gQM.3","action":"ProcessGetUpdates", "result":"Done", "context":{"dataType":"Edge Hub App Usage", "deleted":"0", "process_failed_to_decrypt":"0", "process_pending_decryption":"0", "process_success":"5", "total":"5"}}
{"logTime": "0228/171130", "correlationVector":"5+2Lrd/PXL17MgMkaw1gQM.4","action":"GetUpdates Response", "result":"Success", "context":Received 20 update(s). cV=5+2Lrd/PXL17MgMkaw1gQM.0;server=akswtt01000002y;cloudType=Multitenant;environment=Prod_southindia_prod-s01-004-apac-southindia;migrationStage=NotStarted Some updates remain.}
{"logTime": "0228/171130", "correlationVector":"Gzgg7nycPx7+2KWb/YIJAL","action":"Initial GetUpdates", "result":"", "context":Reason: NEW_CLIENT. cV=Gzgg7nycPx7+2KWb/YIJAL}
{"logTime": "0228/171131", "correlationVector":"Gzgg7nycPx7+2KWb/YIJAL.1","action":"SyncServerConnectionManagerRequest", "result":"SYNC_SERVER_OK", "context":{"environment":"Prod_southindia_prod-s01-004-apac-southindia", "migrationStage":"NotStarted", "server":"akswtt01000000g"}}
{"logTime": "0228/171131", "correlationVector":"Gzgg7nycPx7+2KWb/YIJAL.2","action":"ProcessGetUpdates", "result":"Done", "context":{"dataType":"Edge Hub App Usage", "deleted":"0", "process_failed_to_decrypt":"0", "process_pending_decryption":"0", "process_success":"4", "total":"4"}}
{"logTime": "0228/171131", "correlationVector":"Gzgg7nycPx7+2KWb/YIJAL.3","action":"GetUpdates Response", "result":"Success", "context":Received 4 update(s). cV=Gzgg7nycPx7+2KWb/YIJAL.0;server=akswtt01000000g;cloudType=Multitenant;environment=Prod_southindia_prod-s01-004-apac-southindia;migrationStage=NotStarted Some updates remain.}
{"logTime": "0228/171131", "correlationVector":"E7psFV6kLypStJop1XfDWF","action":"Initial GetUpdates", "result":"", "context":Reason: NEW_CLIENT. cV=E7psFV6kLypStJop1XfDWF}
{"logTime": "0228/171137", "correlationVector":"E7psFV6kLypStJop1XfDWF.1","action":"SyncServerConnectionManagerRequest", "result":"SYNC_SERVER_OK", "context":{"environment":"Prod_southindia_prod-s01-004-apac-southindia", "migrationStage":"NotStarted", "server":"akswtt01000001j"}}
{"logTime": "0228/171137", "correlationVector":"E7psFV6kLypStJop1XfDWF.2","action":"ProcessGetUpdates", "result":"Done", "context":{"dataType":"Edge Hub App Usage", "deleted":"0", "process_failed_to_decrypt":"0", "process_pending_decryption":"0", "process_success":"4", "total":"4"}}
{"logTime": "0228/171137", "correlationVector":"E7psFV6kLypStJop1XfDWF.3","action":"GetUpdates Response", "result":"Success", "context":Received 4 update(s). cV=E7psFV6kLypStJop1XfDWF.0;server=akswtt01000001j;cloudType=Multitenant;environment=Prod_southindia_prod-s01-004-apac-southindia;migrationStage=NotStarted Some updates remain.}
{"logTime": "0228/171137", "correlationVector":"Uwts0p26hkgujILtkdKpQE","action":"Initial GetUpdates", "result":"", "context":Reason: NEW_CLIENT. cV=Uwts0p26hkgujILtkdKpQE}
