2025-02-28 17:11:08.769: [INFO] VisibilityChanged: 0
2025-02-28 17:11:08.897: [INFO] RecordSyncInitDurationhas_sync_been_enabled: 0 state: 0
2025-02-28 17:11:08.898: [INFO] RecordSyncInitDurationhas_sync_been_enabled: 0 state: 0
2025-02-28 17:11:08.898: [INFO] RecordSyncInitDurationhas_sync_been_enabled: 0 state: 0
2025-02-28 17:11:08.899: [INFO] RecordSyncInitDurationhas_sync_been_enabled: 0 state: 0
2025-02-28 17:11:08.899: [INFO] RecordSyncInitDurationhas_sync_been_enabled: 0 state: 0
2025-02-28 17:11:08.899: [INFO] RecordSyncInitDurationhas_sync_been_enabled: 0 state: 0
2025-02-28 17:11:08.900: [INFO] RecordSyncInitDurationhas_sync_been_enabled: 0 state: 0
2025-02-28 17:11:08.900: [INFO] RecordSyncInitDurationhas_sync_been_enabled: 0 state: 0
2025-02-28 17:11:08.900: [INFO] RecordSyncInitDurationhas_sync_been_enabled: 0 state: 0
2025-02-28 17:11:08.901: [INFO] RecordSyncInitDurationhas_sync_been_enabled: 0 state: 0
2025-02-28 17:11:08.901: [INFO] RecordSyncInitDurationhas_sync_been_enabled: 0 state: 0
2025-02-28 17:11:08.926: [INFO] BookmarkNodeChanged, U: 0, F: 1, W: 0, P: 1
2025-02-28 17:11:08.930: [INFO] BookmarkModelLoaded, ids_reassigned: 0
2025-02-28 17:11:08.930: [INFO] OnDoneLoading sync enabled: 0
2025-02-28 17:11:09.044: [INFO] RecordSyncInitDurationhas_sync_been_enabled: 0 state: 0
2025-02-28 17:11:13.387: [INFO] Primary account changed.
2025-02-28 17:11:13.387: [INFO] OnPrimaryAccountChangedPrimaryAccountChangeEvent::Type::kSet
2025-02-28 17:11:13.413: [INFO] RecordSyncInitDurationhas_sync_been_enabled: 0 state: 3
2025-02-28 17:11:13.500: [INFO] RecordSyncInitDurationhas_sync_been_enabled: 0 state: 3
2025-02-28 17:11:14.016: [INFO] RecordSyncInitDurationhas_sync_been_enabled: 0 state: 3
2025-02-28 17:11:25.459: [INFO] VisibilityChanged: 1
2025-02-28 17:11:27.655: [INFO] BookmarkNodeAdded, ABU: 0
2025-02-28 17:11:27.656: [INFO] BookmarkNodeAdded, ABU: 0
2025-02-28 17:11:27.656: [INFO] BookmarkNodeAdded, ABU: 0
2025-02-28 17:11:27.656: [INFO] BookmarkNodeAdded, ABU: 0
2025-02-28 17:11:27.656: [INFO] BookmarkNodeAdded, ABU: 0
2025-02-28 17:11:27.656: [INFO] BookmarkNodeAdded, ABU: 0
2025-02-28 17:11:27.656: [INFO] BookmarkNodeAdded, ABU: 0
2025-02-28 17:11:27.656: [INFO] BookmarkNodeAdded, ABU: 0
2025-02-28 17:11:27.656: [INFO] BookmarkNodeAdded, ABU: 0
2025-02-28 17:11:27.657: [INFO] BookmarkNodeAdded, ABU: 0
2025-02-28 17:11:27.657: [INFO] BookmarkNodeAdded, ABU: 0
2025-02-28 17:11:27.657: [INFO] BookmarkNodeAdded, ABU: 0
2025-02-28 17:11:27.657: [INFO] BookmarkNodeAdded, ABU: 0
2025-02-28 17:11:27.657: [INFO] BookmarkNodeAdded, ABU: 0
2025-02-28 17:11:27.657: [INFO] BookmarkNodeAdded, ABU: 0
2025-02-28 17:11:27.657: [INFO] BookmarkNodeAdded, ABU: 0
2025-02-28 17:11:27.658: [INFO] BookmarkNodeAdded, ABU: 0
2025-02-28 17:11:27.658: [INFO] BookmarkNodeAdded, ABU: 0
2025-02-28 17:11:27.658: [INFO] BookmarkNodeAdded, ABU: 0
2025-02-28 17:11:27.658: [INFO] BookmarkNodeAdded, ABU: 0
2025-02-28 17:11:27.658: [INFO] BookmarkNodeAdded, ABU: 0
2025-02-28 17:11:27.658: [INFO] BookmarkNodeAdded, ABU: 0
2025-02-28 17:11:27.658: [INFO] BookmarkNodeAdded, ABU: 0
2025-02-28 17:11:27.658: [INFO] BookmarkNodeAdded, ABU: 0
2025-02-28 17:11:27.659: [INFO] BookmarkNodeAdded, ABU: 0
2025-02-28 17:11:27.659: [INFO] BookmarkNodeAdded, ABU: 0
2025-02-28 17:11:27.659: [INFO] BookmarkNodeAdded, ABU: 0
2025-02-28 17:11:27.659: [INFO] BookmarkNodeAdded, ABU: 0
2025-02-28 17:11:27.659: [INFO] BookmarkNodeAdded, ABU: 0
2025-02-28 17:11:27.659: [INFO] BookmarkNodeAdded, ABU: 0
2025-02-28 17:11:27.659: [INFO] BookmarkNodeAdded, ABU: 0
2025-02-28 17:11:27.659: [INFO] BookmarkNodeAdded, ABU: 0
2025-02-28 17:11:27.659: [INFO] BookmarkNodeAdded, ABU: 0
2025-02-28 17:11:27.660: [INFO] BookmarkNodeAdded, ABU: 0
2025-02-28 17:11:27.660: [INFO] BookmarkNodeAdded, ABU: 0
2025-02-28 17:11:27.660: [INFO] BookmarkNodeAdded, ABU: 0
2025-02-28 17:11:27.660: [INFO] BookmarkNodeAdded, ABU: 0
2025-02-28 17:11:27.660: [INFO] BookmarkNodeAdded, ABU: 0
2025-02-28 17:11:27.660: [INFO] BookmarkNodeAdded, ABU: 0
2025-02-28 17:11:27.660: [INFO] BookmarkNodeAdded, ABU: 0
2025-02-28 17:11:27.661: [INFO] BookmarkNodeAdded, ABU: 0
2025-02-28 17:11:27.661: [INFO] BookmarkNodeAdded, ABU: 0
2025-02-28 17:11:27.661: [INFO] BookmarkNodeAdded, ABU: 0
2025-02-28 17:11:27.661: [INFO] BookmarkNodeAdded, ABU: 0
2025-02-28 17:11:27.661: [INFO] BookmarkNodeAdded, ABU: 0
2025-02-28 17:11:27.661: [INFO] BookmarkNodeAdded, ABU: 0
2025-02-28 17:11:27.662: [INFO] BookmarkNodeAdded, ABU: 0
2025-02-28 17:11:27.662: [INFO] BookmarkNodeAdded, ABU: 0
2025-02-28 17:11:27.662: [INFO] BookmarkNodeAdded, ABU: 0
2025-02-28 17:11:27.662: [INFO] BookmarkNodeAdded, ABU: 0
2025-02-28 17:11:27.662: [INFO] BookmarkNodeAdded, ABU: 0
2025-02-28 17:11:27.662: [INFO] BookmarkNodeAdded, ABU: 0
2025-02-28 17:11:27.662: [INFO] BookmarkNodeAdded, ABU: 0
2025-02-28 17:11:27.662: [INFO] BookmarkNodeAdded, ABU: 0
2025-02-28 17:11:39.159: [INFO] VisibilityChanged: 0
